c:\users\dezastrous\desktop\compile plx\vc14\x64\release\theforgottenserver.pch
c:\users\dezastrous\desktop\compile plx\vc14\x64\release\vc140.pdb
c:\users\dezastrous\desktop\compile plx\vc14\x64\release\obj_r\otpch.obj
c:\users\dezastrous\desktop\compile plx\vc14\x64\release\obj_r\ban.obj
c:\users\dezastrous\desktop\compile plx\vc14\x64\release\obj_r\chat.obj
c:\users\dezastrous\desktop\compile plx\vc14\x64\release\obj_r\connection.obj
c:\users\dezastrous\desktop\compile plx\vc14\x64\release\obj_r\container.obj
c:\users\dezastrous\desktop\compile plx\vc14\x64\release\obj_r\databasetasks.obj
c:\users\dezastrous\desktop\compile plx\vc14\x64\release\obj_r\depotlocker.obj
c:\users\dezastrous\desktop\compile plx\vc14\x64\release\obj_r\fileloader.obj
c:\users\dezastrous\desktop\compile plx\vc14\x64\release\obj_r\globalevent.obj
c:\users\dezastrous\desktop\compile plx\vc14\x64\release\obj_r\house.obj
c:\users\dezastrous\desktop\compile plx\vc14\x64\release\obj_r\iologindata.obj
c:\users\dezastrous\desktop\compile plx\vc14\x64\release\obj_r\luascript.obj
c:\users\dezastrous\desktop\compile plx\vc14\x64\release\obj_r\npc.obj
c:\users\dezastrous\desktop\compile plx\vc14\x64\release\obj_r\position.obj
c:\users\dezastrous\desktop\compile plx\vc14\x64\release\obj_r\protocol.obj
c:\users\dezastrous\desktop\compile plx\vc14\x64\release\obj_r\protocolgame.obj
c:\users\dezastrous\desktop\compile plx\vc14\x64\release\obj_r\server.obj
c:\users\dezastrous\desktop\compile plx\vc14\x64\release\obj_r\spells.obj
c:\users\dezastrous\desktop\compile plx\vc14\x64\release\obj_r\tile.obj
c:\users\dezastrous\desktop\compile plx\vc14\x64\release\obj_r\wildcardtree.obj
c:\users\dezastrous\desktop\compile plx\vc14\x64\release\obj_r\baseevents.obj
c:\users\dezastrous\desktop\compile plx\vc14\x64\release\obj_r\combat.obj
c:\users\dezastrous\desktop\compile plx\vc14\x64\release\obj_r\configmanager.obj
c:\users\dezastrous\desktop\compile plx\vc14\x64\release\obj_r\cylinder.obj
c:\users\dezastrous\desktop\compile plx\vc14\x64\release\obj_r\database.obj
c:\users\dezastrous\desktop\compile plx\vc14\x64\release\obj_r\databasemanager.obj
c:\users\dezastrous\desktop\compile plx\vc14\x64\release\obj_r\depotchest.obj
c:\users\dezastrous\desktop\compile plx\vc14\x64\release\obj_r\game.obj
c:\users\dezastrous\desktop\compile plx\vc14\x64\release\obj_r\iomap.obj
c:\users\dezastrous\desktop\compile plx\vc14\x64\release\obj_r\items.obj
c:\users\dezastrous\desktop\compile plx\vc14\x64\release\obj_r\monster.obj
c:\users\dezastrous\desktop\compile plx\vc14\x64\release\obj_r\networkmessage.obj
c:\users\dezastrous\desktop\compile plx\vc14\x64\release\obj_r\otserv.obj
c:\users\dezastrous\desktop\compile plx\vc14\x64\release\obj_r\protocollogin.obj
c:\users\dezastrous\desktop\compile plx\vc14\x64\release\obj_r\rsa.obj
c:\users\dezastrous\desktop\compile plx\vc14\x64\release\obj_r\scheduler.obj
c:\users\dezastrous\desktop\compile plx\vc14\x64\release\obj_r\scriptmanager.obj
c:\users\dezastrous\desktop\compile plx\vc14\x64\release\obj_r\tasks.obj
c:\users\dezastrous\desktop\compile plx\vc14\x64\release\obj_r\vocation.obj
c:\users\dezastrous\desktop\compile plx\vc14\x64\release\obj_r\weapons.obj
c:\users\dezastrous\desktop\compile plx\vc14\x64\release\obj_r\bed.obj
c:\users\dezastrous\desktop\compile plx\vc14\x64\release\obj_r\commands.obj
c:\users\dezastrous\desktop\compile plx\vc14\x64\release\obj_r\creatureevent.obj
c:\users\dezastrous\desktop\compile plx\vc14\x64\release\obj_r\events.obj
c:\users\dezastrous\desktop\compile plx\vc14\x64\release\obj_r\housetile.obj
c:\users\dezastrous\desktop\compile plx\vc14\x64\release\obj_r\item.obj
c:\users\dezastrous\desktop\compile plx\vc14\x64\release\obj_r\map.obj
c:\users\dezastrous\desktop\compile plx\vc14\x64\release\obj_r\movement.obj
c:\users\dezastrous\desktop\compile plx\vc14\x64\release\obj_r\party.obj
c:\users\dezastrous\desktop\compile plx\vc14\x64\release\obj_r\protocolstatus.obj
c:\users\dezastrous\desktop\compile plx\vc14\x64\release\obj_r\spawn.obj
c:\users\dezastrous\desktop\compile plx\vc14\x64\release\obj_r\teleport.obj
c:\users\dezastrous\desktop\compile plx\vc14\x64\release\obj_r\waitlist.obj
c:\users\dezastrous\desktop\compile plx\vc14\x64\release\obj_r\actions.obj
c:\users\dezastrous\desktop\compile plx\vc14\x64\release\obj_r\condition.obj
c:\users\dezastrous\desktop\compile plx\vc14\x64\release\obj_r\creature.obj
c:\users\dezastrous\desktop\compile plx\vc14\x64\release\obj_r\groups.obj
c:\users\dezastrous\desktop\compile plx\vc14\x64\release\obj_r\guild.obj
c:\users\dezastrous\desktop\compile plx\vc14\x64\release\obj_r\ioguild.obj
c:\users\dezastrous\desktop\compile plx\vc14\x64\release\obj_r\iomapserialize.obj
c:\users\dezastrous\desktop\compile plx\vc14\x64\release\obj_r\mailbox.obj
c:\users\dezastrous\desktop\compile plx\vc14\x64\release\obj_r\monsters.obj
c:\users\dezastrous\desktop\compile plx\vc14\x64\release\obj_r\outputmessage.obj
c:\users\dezastrous\desktop\compile plx\vc14\x64\release\obj_r\player.obj
c:\users\dezastrous\desktop\compile plx\vc14\x64\release\obj_r\raids.obj
c:\users\dezastrous\desktop\compile plx\vc14\x64\release\obj_r\talkaction.obj
c:\users\dezastrous\desktop\compile plx\vc14\x64\release\obj_r\thing.obj
c:\users\dezastrous\desktop\compile plx\vc14\x64\release\obj_r\tools.obj
c:\users\dezastrous\desktop\compile plx\vc14\x64\release\obj_r\trashholder.obj
c:\users\dezastrous\desktop\compile plx\vc14\x64\release\theforgo.a10f9657.tlog\cl.command.1.tlog
c:\users\dezastrous\desktop\compile plx\vc14\x64\release\theforgo.a10f9657.tlog\cl.read.1.tlog
c:\users\dezastrous\desktop\compile plx\vc14\x64\release\theforgo.a10f9657.tlog\cl.write.1.tlog
c:\users\dezastrous\desktop\compile plx\vc14\x64\release\theforgo.a10f9657.tlog\link.command.1.tlog
c:\users\dezastrous\desktop\compile plx\vc14\x64\release\theforgo.a10f9657.tlog\link.read.1.tlog
c:\users\dezastrous\desktop\compile plx\vc14\x64\release\theforgo.a10f9657.tlog\link.write.1.tlog
